TN:
SF:src\components\checkout\schemas\checkoutSchema.ts
FN:108,(anonymous_0)
FN:152,validateFirearmAgreement
FN:174,validateStateRestriction
FN:197,validateLongGunState
FN:212,formatPhoneNumber
FN:225,normalizePhone
FNF:6
FNH:0
FNDA:0,(anonymous_0)
FNDA:0,validateFirearmAgreement
FNDA:0,validateStateRestriction
FNDA:0,validateLongGunState
FNDA:0,formatPhoneNumber
FNDA:0,normalizePhone
DA:15,0
DA:18,0
DA:24,0
DA:52,0
DA:85,0
DA:110,0
DA:111,0
DA:112,0
DA:118,0
DA:119,0
DA:125,0
DA:126,0
DA:132,0
DA:133,0
DA:156,0
DA:157,0
DA:159,0
DA:180,0
DA:181,0
DA:182,0
DA:187,0
DA:199,0
DA:200,0
DA:202,0
DA:213,0
DA:214,0
DA:215,0
DA:226,0
LF:28
LH:0
BRDA:110,0,0,0
BRDA:110,0,1,0
BRDA:111,1,0,0
BRDA:111,1,1,0
BRDA:111,2,0,0
BRDA:111,2,1,0
BRDA:118,3,0,0
BRDA:118,3,1,0
BRDA:118,4,0,0
BRDA:118,4,1,0
BRDA:125,5,0,0
BRDA:125,5,1,0
BRDA:125,6,0,0
BRDA:125,6,1,0
BRDA:132,7,0,0
BRDA:132,7,1,0
BRDA:132,8,0,0
BRDA:132,8,1,0
BRDA:156,9,0,0
BRDA:156,9,1,0
BRDA:156,10,0,0
BRDA:156,10,1,0
BRDA:181,11,0,0
BRDA:181,11,1,0
BRDA:181,12,0,0
BRDA:181,12,1,0
BRDA:181,12,2,0
BRDA:199,13,0,0
BRDA:199,13,1,0
BRDA:214,14,0,0
BRDA:214,14,1,0
BRF:31
BRH:0
end_of_record
TN:
SF:src\lib\cart-analytics.ts
FN:30,trackCartEvent
FNF:1
FNH:0
FNDA:0,trackCartEvent
DA:32,0
LF:1
LH:0
BRF:0
BRH:0
end_of_record
TN:
SF:src\lib\orderUtils.ts
FN:120,generateOrderId
FN:137,calculateTax
FN:174,createOrder
FN:212,storePendingOrder
FN:228,getPendingOrder
FN:261,clearPendingOrder
FN:280,formatOrderPrice
FN:290,formatOrderDate
FN:302,getFullName
FNF:9
FNH:0
FNDA:0,generateOrderId
FNDA:0,calculateTax
FNDA:0,createOrder
FNDA:0,storePendingOrder
FNDA:0,getPendingOrder
FNDA:0,clearPendingOrder
FNDA:0,formatOrderPrice
FNDA:0,formatOrderDate
FNDA:0,getFullName
DA:65,0
DA:80,0
DA:121,0
DA:122,0
DA:123,0
DA:131,0
DA:143,0
DA:144,0
DA:148,0
DA:149,0
DA:153,0
DA:175,0
DA:178,0
DA:179,0
DA:182,0
DA:184,0
DA:206,0
DA:213,0
DA:215,0
DA:216,0
DA:217,0
DA:219,0
DA:220,0
DA:229,0
DA:230,0
DA:233,0
DA:234,0
DA:236,0
DA:237,0
DA:240,0
DA:241,0
DA:243,0
DA:244,0
DA:246,0
DA:247,0
DA:250,0
DA:252,0
DA:253,0
DA:262,0
DA:264,0
DA:265,0
DA:266,0
DA:268,0
DA:269,0
DA:281,0
DA:291,0
DA:303,0
LF:47
LH:0
BRDA:143,0,0,0
BRDA:143,0,1,0
BRDA:148,1,0,0
BRDA:148,1,1,0
BRDA:178,2,0,0
BRDA:178,2,1,0
BRDA:189,3,0,0
BRDA:189,3,1,0
BRDA:213,4,0,0
BRDA:213,4,1,0
BRDA:229,5,0,0
BRDA:229,5,1,0
BRDA:236,6,0,0
BRDA:236,6,1,0
BRDA:243,7,0,0
BRDA:243,7,1,0
BRDA:262,8,0,0
BRDA:262,8,1,0
BRF:18
BRH:0
end_of_record
TN:
SF:src\lib\products.ts
FN:25,getProductTier
FN:42,isFirearm
FN:58,isAmmo
FN:76,isShippable
FN:91,getMaxQuantity
FN:106,requiresAgeVerification
FN:126,deriveFulfillmentType
FNF:7
FNH:0
FNDA:0,getProductTier
FNDA:0,isFirearm
FNDA:0,isAmmo
FNDA:0,isShippable
FNDA:0,getMaxQuantity
FNDA:0,requiresAgeVerification
FNDA:0,deriveFulfillmentType
DA:26,0
DA:27,0
DA:28,0
DA:43,0
DA:59,0
DA:77,0
DA:92,0
DA:107,0
DA:127,0
DA:128,0
DA:130,0
DA:131,0
DA:133,0
LF:13
LH:0
BRDA:26,0,0,0
BRDA:26,0,1,0
BRDA:27,1,0,0
BRDA:27,1,1,0
BRDA:59,2,0,0
BRDA:59,2,1,0
BRDA:59,2,2,0
BRDA:92,3,0,0
BRDA:92,3,1,0
BRDA:92,4,0,0
BRDA:92,4,1,0
BRDA:127,5,0,0
BRDA:127,5,1,0
BRDA:127,6,0,0
BRDA:127,6,1,0
BRDA:130,7,0,0
BRDA:130,7,1,0
BRDA:130,8,0,0
BRDA:130,8,1,0
BRF:19
BRH:0
end_of_record
TN:
SF:src\lib\shipping.ts
FN:94,getShippingZone
FN:101,calculateShipping
FN:122,getShippingDisplay
FN:142,formatShippingPrice
FN:150,getAmountForFreeShipping
FN:158,qualifiesForFreeShipping
FNF:6
FNH:0
FNDA:0,getShippingZone
FNDA:0,calculateShipping
FNDA:0,getShippingDisplay
FNDA:0,formatShippingPrice
FNDA:0,getAmountForFreeShipping
FNDA:0,qualifiesForFreeShipping
DA:20,0
DA:66,0
DA:85,0
DA:95,0
DA:105,0
DA:106,0
DA:109,0
DA:110,0
DA:112,0
DA:126,0
DA:127,0
DA:130,0
DA:132,0
DA:133,0
DA:136,0
DA:143,0
DA:144,0
DA:151,0
DA:152,0
DA:159,0
DA:166,0
LF:21
LH:0
BRDA:95,0,0,0
BRDA:95,0,1,0
BRDA:110,1,0,0
BRDA:110,1,1,0
BRDA:126,2,0,0
BRDA:126,2,1,0
BRDA:132,3,0,0
BRDA:132,3,1,0
BRDA:143,4,0,0
BRDA:143,4,1,0
BRDA:152,5,0,0
BRDA:152,5,1,0
BRF:12
BRH:0
end_of_record
TN:
SF:src\lib\storeData.ts
FNF:0
FNH:0
DA:11,0
DA:14,0
LF:2
LH:0
BRF:0
BRH:0
end_of_record
TN:
SF:src\lib\utils.ts
FN:4,cn
FNF:1
FNH:0
FNDA:0,cn
DA:5,0
LF:1
LH:0
BRF:0
BRH:0
end_of_record
TN:
SF:src\lib\adventures\filter-reducer.ts
FN:15,filterReducer
FNF:1
FNH:0
FNDA:0,filterReducer
DA:19,0
DA:25,0
DA:26,0
DA:27,0
DA:28,0
DA:31,0
DA:42,0
DA:43,0
DA:44,0
DA:47,0
DA:58,0
DA:59,0
DA:60,0
DA:61,0
DA:64,0
DA:74,0
DA:81,0
DA:88,0
LF:18
LH:0
BRDA:19,0,0,0
BRDA:19,0,1,0
BRDA:19,0,2,0
BRDA:19,0,3,0
BRDA:19,0,4,0
BRDA:19,0,5,0
BRDA:26,1,0,0
BRDA:26,1,1,0
BRDA:42,2,0,0
BRDA:42,2,1,0
BRDA:59,3,0,0
BRDA:59,3,1,0
BRF:12
BRH:0
end_of_record
TN:
SF:src\lib\adventures\filter-utils.ts
FN:16,filterAdventures
FN:20,(anonymous_1)
FN:25,(anonymous_2)
FN:44,(anonymous_3)
FN:45,(anonymous_4)
FN:72,(anonymous_5)
FN:92,countActiveFilters
FN:116,hasActiveFilters
FNF:8
FNH:0
FNDA:0,filterAdventures
FNDA:0,(anonymous_1)
FNDA:0,(anonymous_2)
FNDA:0,(anonymous_3)
FNDA:0,(anonymous_4)
FNDA:0,(anonymous_5)
FNDA:0,countActiveFilters
FNDA:0,hasActiveFilters
DA:20,0
DA:24,0
DA:25,0
DA:26,0
DA:28,0
DA:34,0
DA:35,0
DA:43,0
DA:44,0
DA:45,0
DA:46,0
DA:49,0
DA:56,0
DA:57,0
DA:59,0
DA:60,0
DA:61,0
DA:71,0
DA:72,0
DA:73,0
DA:75,0
DA:81,0
DA:93,0
DA:95,0
DA:96,0
DA:97,0
DA:100,0
DA:101,0
DA:104,0
DA:106,0
DA:117,0
LF:31
LH:0
BRDA:24,0,0,0
BRDA:24,0,1,0
BRDA:28,1,0,0
BRDA:28,1,1,0
BRDA:34,2,0,0
BRDA:34,2,1,0
BRDA:34,3,0,0
BRDA:34,3,1,0
BRDA:43,4,0,0
BRDA:43,4,1,0
BRDA:43,5,0,0
BRDA:43,5,1,0
BRDA:43,5,2,0
BRDA:49,6,0,0
BRDA:49,6,1,0
BRDA:56,7,0,0
BRDA:56,7,1,0
BRDA:59,8,0,0
BRDA:59,8,1,0
BRDA:59,9,0,0
BRDA:59,9,1,0
BRDA:60,10,0,0
BRDA:60,10,1,0
BRDA:60,11,0,0
BRDA:60,11,1,0
BRDA:71,12,0,0
BRDA:71,12,1,0
BRDA:71,13,0,0
BRDA:71,13,1,0
BRDA:71,13,2,0
BRDA:75,14,0,0
BRDA:75,14,1,0
BRDA:95,15,0,0
BRDA:95,15,1,0
BRDA:96,16,0,0
BRDA:96,16,1,0
BRDA:97,17,0,0
BRDA:97,17,1,0
BRDA:100,18,0,0
BRDA:100,18,1,0
BRDA:100,19,0,0
BRDA:100,19,1,0
BRDA:104,20,0,0
BRDA:104,20,1,0
BRF:44
BRH:0
end_of_record
TN:
SF:src\lib\adventures\filters.config.ts
FNF:0
FNH:0
DA:91,0
DA:185,0
LF:2
LH:0
BRF:0
BRH:0
end_of_record
TN:
SF:src\lib\adventures\offline.ts
FN:91,openDB
FN:92,(anonymous_1)
FN:101,(anonymous_2)
FN:105,(anonymous_3)
FN:109,(anonymous_4)
FN:137,cacheAdventures
FN:149,(anonymous_6)
FN:151,(anonymous_7)
FN:152,(anonymous_8)
FN:162,(anonymous_9)
FN:169,(anonymous_10)
FN:170,(anonymous_11)
FN:172,(anonymous_12)
FN:173,(anonymous_13)
FN:181,(anonymous_14)
FN:199,(anonymous_15)
FN:201,(anonymous_16)
FN:202,(anonymous_17)
FN:244,(anonymous_18)
FN:259,getCachedAdventures
FN:277,(anonymous_20)
FN:279,(anonymous_21)
FN:283,(anonymous_22)
FN:314,(anonymous_23)
FN:316,(anonymous_24)
FN:317,(anonymous_25)
FN:350,clearExpiredCache
FN:358,(anonymous_27)
FN:360,(anonymous_28)
FN:364,(anonymous_29)
FN:387,(anonymous_30)
FN:389,(anonymous_31)
FN:390,(anonymous_32)
FN:392,(anonymous_33)
FN:394,(anonymous_34)
FN:395,(anonymous_35)
FN:438,isOfflineModeAvailable
FNF:37
FNH:0
FNDA:0,openDB
FNDA:0,(anonymous_1)
FNDA:0,(anonymous_2)
FNDA:0,(anonymous_3)
FNDA:0,(anonymous_4)
FNDA:0,cacheAdventures
FNDA:0,(anonymous_6)
FNDA:0,(anonymous_7)
FNDA:0,(anonymous_8)
FNDA:0,(anonymous_9)
FNDA:0,(anonymous_10)
FNDA:0,(anonymous_11)
FNDA:0,(anonymous_12)
FNDA:0,(anonymous_13)
FNDA:0,(anonymous_14)
FNDA:0,(anonymous_15)
FNDA:0,(anonymous_16)
FNDA:0,(anonymous_17)
FNDA:0,(anonymous_18)
FNDA:0,getCachedAdventures
FNDA:0,(anonymous_20)
FNDA:0,(anonymous_21)
FNDA:0,(anonymous_22)
FNDA:0,(anonymous_23)
FNDA:0,(anonymous_24)
FNDA:0,(anonymous_25)
FNDA:0,clearExpiredCache
FNDA:0,(anonymous_27)
FNDA:0,(anonymous_28)
FNDA:0,(anonymous_29)
FNDA:0,(anonymous_30)
FNDA:0,(anonymous_31)
FNDA:0,(anonymous_32)
FNDA:0,(anonymous_33)
FNDA:0,(anonymous_34)
FNDA:0,(anonymous_35)
FNDA:0,isOfflineModeAvailable
DA:11,0
DA:12,0
DA:13,0
DA:14,0
DA:15,0
DA:92,0
DA:94,0
DA:95,0
DA:96,0
DA:99,0
DA:101,0
DA:102,0
DA:105,0
DA:106,0
DA:109,0
DA:110,0
DA:113,0
DA:114,0
DA:115,0
DA:119,0
DA:120,0
DA:121,0
DA:138,0
DA:139,0
DA:141,0
DA:142,0
DA:143,0
DA:144,0
DA:145,0
DA:148,0
DA:149,0
DA:150,0
DA:151,0
DA:152,0
DA:155,0
DA:156,0
DA:157,0
DA:162,0
DA:169,0
DA:170,0
DA:171,0
DA:172,0
DA:173,0
DA:177,0
DA:180,0
DA:181,0
DA:182,0
DA:183,0
DA:185,0
DA:189,0
DA:192,0
DA:193,0
DA:198,0
DA:199,0
DA:200,0
DA:201,0
DA:202,0
DA:205,0
DA:210,0
DA:211,0
DA:212,0
DA:214,0
DA:218,0
DA:220,0
DA:221,0
DA:223,0
DA:226,0
DA:229,0
DA:238,0
DA:239,0
DA:244,0
DA:260,0
DA:262,0
DA:263,0
DA:271,0
DA:272,0
DA:273,0
DA:274,0
DA:277,0
DA:278,0
DA:279,0
DA:280,0
DA:281,0
DA:283,0
DA:286,0
DA:287,0
DA:288,0
DA:289,0
DA:298,0
DA:299,0
DA:301,0
DA:302,0
DA:303,0
DA:304,0
DA:314,0
DA:315,0
DA:316,0
DA:317,0
DA:320,0
DA:321,0
DA:323,0
DA:331,0
DA:332,0
DA:351,0
DA:352,0
DA:354,0
DA:355,0
DA:358,0
DA:359,0
DA:360,0
DA:361,0
DA:362,0
DA:364,0
DA:367,0
DA:368,0
DA:369,0
DA:377,0
DA:378,0
DA:381,0
DA:383,0
DA:384,0
DA:386,0
DA:388,0
DA:389,0
DA:390,0
DA:393,0
DA:394,0
DA:395,0
DA:399,0
DA:400,0
DA:401,0
DA:410,0
DA:411,0
DA:419,0
DA:420,0
DA:439,0
DA:440,0
DA:441,0
DA:443,0
LF:139
LH:0
BRDA:94,0,0,0
BRDA:94,0,1,0
BRDA:113,1,0,0
BRDA:113,1,1,0
BRDA:119,2,0,0
BRDA:119,2,1,0
BRDA:182,3,0,0
BRDA:182,3,1,0
BRDA:192,4,0,0
BRDA:192,4,1,0
BRDA:211,5,0,0
BRDA:211,5,1,0
BRDA:218,6,0,0
BRDA:218,6,1,0
BRDA:221,7,0,0
BRDA:221,7,1,0
BRDA:245,8,0,0
BRDA:245,8,1,0
BRDA:262,9,0,0
BRDA:262,9,1,0
BRDA:281,10,0,0
BRDA:281,10,1,0
BRDA:286,11,0,0
BRDA:286,11,1,0
BRDA:301,12,0,0
BRDA:301,12,1,0
BRDA:336,13,0,0
BRDA:336,13,1,0
BRDA:362,14,0,0
BRDA:362,14,1,0
BRDA:367,15,0,0
BRDA:367,15,1,0
BRDA:381,16,0,0
BRDA:381,16,1,0
BRDA:424,17,0,0
BRDA:424,17,1,0
BRDA:441,18,0,0
BRDA:441,18,1,0
BRDA:441,18,2,0
BRF:39
BRH:0
end_of_record
TN:
SF:src\lib\adventures\url-sync.ts
FN:15,parseUrlParams
FN:31,(anonymous_1)
FN:92,(anonymous_2)
FN:113,syncStateToUrl
FNF:4
FNH:0
FNDA:0,parseUrlParams
FNDA:0,(anonymous_1)
FNDA:0,(anonymous_2)
FNDA:0,syncStateToUrl
DA:17,0
DA:18,0
DA:21,0
DA:22,0
DA:27,0
DA:28,0
DA:29,0
DA:30,0
DA:31,0
DA:33,0
DA:34,0
DA:37,0
DA:38,0
DA:45,0
DA:46,0
DA:48,0
DA:49,0
DA:50,0
DA:52,0
DA:59,0
DA:60,0
DA:63,0
DA:69,0
DA:70,0
DA:71,0
DA:72,0
DA:73,0
DA:74,0
DA:77,0
DA:78,0
DA:80,0
DA:88,0
DA:89,0
DA:90,0
DA:91,0
DA:92,0
DA:94,0
DA:95,0
DA:98,0
DA:99,0
DA:103,0
DA:115,0
DA:116,0
DA:119,0
DA:124,0
DA:125,0
DA:131,0
DA:132,0
DA:138,0
DA:139,0
DA:145,0
DA:146,0
DA:152,0
DA:153,0
DA:161,0
DA:166,0
LF:56
LH:0
BRDA:17,0,0,0
BRDA:17,0,1,0
BRDA:28,1,0,0
BRDA:28,1,1,0
BRDA:33,2,0,0
BRDA:33,2,1,0
BRDA:37,3,0,0
BRDA:37,3,1,0
BRDA:46,4,0,0
BRDA:46,4,1,0
BRDA:49,5,0,0
BRDA:49,5,1,0
BRDA:60,6,0,0
BRDA:60,6,1,0
BRDA:70,7,0,0
BRDA:70,7,1,0
BRDA:72,8,0,0
BRDA:72,8,1,0
BRDA:77,9,0,0
BRDA:77,9,1,0
BRDA:77,10,0,0
BRDA:77,10,1,0
BRDA:77,10,2,0
BRDA:77,10,3,0
BRDA:77,10,4,0
BRDA:89,11,0,0
BRDA:89,11,1,0
BRDA:94,12,0,0
BRDA:94,12,1,0
BRDA:98,13,0,0
BRDA:98,13,1,0
BRDA:115,14,0,0
BRDA:115,14,1,0
BRDA:124,15,0,0
BRDA:124,15,1,0
BRDA:131,16,0,0
BRDA:131,16,1,0
BRDA:138,17,0,0
BRDA:138,17,1,0
BRDA:145,18,0,0
BRDA:145,18,1,0
BRDA:145,19,0,0
BRDA:145,19,1,0
BRDA:152,20,0,0
BRDA:152,20,1,0
BRDA:161,21,0,0
BRDA:161,21,1,0
BRF:47
BRH:0
end_of_record
TN:
SF:src\lib\payment\schemas.ts
FNF:0
FNH:0
DA:14,0
DA:53,0
DA:66,0
DA:103,0
DA:135,0
DA:148,0
LF:6
LH:0
BRF:0
BRH:0
end_of_record
TN:
SF:src\lib\payment\tacticalPayments.ts
FN:100,createPaymentRequest
FN:113,(anonymous_1)
FN:139,parsePaymentReturn
FN:171,normalizePaymentStatus
FN:200,getPaymentStatusMessage
FN:226,getPaymentActionText
FNF:6
FNH:0
FNDA:0,createPaymentRequest
FNDA:0,(anonymous_1)
FNDA:0,parsePaymentReturn
FNDA:0,normalizePaymentStatus
FNDA:0,getPaymentStatusMessage
FNDA:0,getPaymentActionText
DA:19,0
DA:101,0
DA:103,0
DA:113,0
DA:140,0
DA:141,0
DA:142,0
DA:143,0
DA:146,0
DA:147,0
DA:151,0
DA:152,0
DA:153,0
DA:157,0
DA:159,0
DA:172,0
DA:174,0
DA:175,0
DA:177,0
DA:178,0
DA:180,0
DA:181,0
DA:183,0
DA:184,0
DA:187,0
DA:201,0
DA:203,0
DA:206,0
DA:209,0
DA:212,0
DA:216,0
DA:227,0
DA:229,0
DA:233,0
DA:236,0
DA:240,0
LF:36
LH:0
BRDA:27,0,0,0
BRDA:27,0,1,0
BRDA:101,1,0,0
BRDA:101,1,1,0
BRDA:146,2,0,0
BRDA:146,2,1,0
BRDA:146,3,0,0
BRDA:146,3,1,0
BRDA:146,3,2,0
BRDA:152,4,0,0
BRDA:152,4,1,0
BRDA:163,5,0,0
BRDA:163,5,1,0
BRDA:174,6,0,0
BRDA:174,6,1,0
BRDA:174,7,0,0
BRDA:174,7,1,0
BRDA:174,7,2,0
BRDA:177,8,0,0
BRDA:177,8,1,0
BRDA:177,9,0,0
BRDA:177,9,1,0
BRDA:180,10,0,0
BRDA:180,10,1,0
BRDA:180,11,0,0
BRDA:180,11,1,0
BRDA:183,12,0,0
BRDA:183,12,1,0
BRDA:183,13,0,0
BRDA:183,13,1,0
BRDA:201,14,0,0
BRDA:201,14,1,0
BRDA:201,14,2,0
BRDA:201,14,3,0
BRDA:201,14,4,0
BRDA:201,14,5,0
BRDA:227,15,0,0
BRDA:227,15,1,0
BRDA:227,15,2,0
BRDA:227,15,3,0
BRDA:227,15,4,0
BRDA:227,15,5,0
BRF:42
BRH:0
end_of_record
TN:
SF:src\lib\test-utils\river-mocks.ts
FN:37,createMockRapid
FN:59,createMockFishing
FN:76,createMockOutfitter
FN:93,createMockSeasonalFlow
FN:109,createMockAccessPoint
FN:129,createMockSafety
FN:151,createMockNearbyAttraction
FN:169,createMockStatItem
FN:184,createMockGearItem
FN:199,createMockRelatedCategory
FN:228,createMockRiverTemplate
FNF:11
FNH:11
FNDA:15,createMockRapid
FNDA:6,createMockFishing
FNDA:10,createMockOutfitter
FNDA:14,createMockSeasonalFlow
FNDA:13,createMockAccessPoint
FNDA:12,createMockSafety
FNDA:9,createMockNearbyAttraction
FNDA:16,createMockStatItem
FNDA:32,createMockGearItem
FNDA:12,createMockRelatedCategory
FNDA:4,createMockRiverTemplate
DA:38,15
DA:60,6
DA:77,10
DA:94,14
DA:110,13
DA:130,12
DA:154,9
DA:170,16
DA:185,32
DA:202,12
DA:231,4
LF:11
LH:11
BRF:0
BRH:0
end_of_record
TN:
SF:src\lib\type-guards\river.ts
FN:26,isRiverAdventure
FN:45,hasRapids
FN:64,hasOutfitters
FN:83,hasFishing
FN:99,hasAccessPoints
FN:110,hasSafety
FN:121,hasSeasonalFlow
FN:132,hasNearbyAttractions
FN:151,isCompleteRiverTemplate
FNF:9
FNH:4
FNDA:5,isRiverAdventure
FNDA:5,hasRapids
FNDA:3,hasOutfitters
FNDA:4,hasFishing
FNDA:0,hasAccessPoints
FNDA:0,hasSafety
FNDA:0,hasSeasonalFlow
FNDA:0,hasNearbyAttractions
FNDA:0,isCompleteRiverTemplate
DA:27,5
DA:46,5
DA:65,3
DA:84,4
DA:100,0
DA:111,0
DA:122,0
DA:133,0
DA:152,0
LF:9
LH:4
BRDA:46,0,0,5
BRDA:46,0,1,3
BRDA:65,1,0,3
BRDA:65,1,1,2
BRDA:85,2,0,4
BRDA:85,2,1,3
BRDA:85,2,2,2
BRDA:85,2,3,1
BRDA:100,3,0,0
BRDA:100,3,1,0
BRDA:111,4,0,0
BRDA:111,4,1,0
BRDA:122,5,0,0
BRDA:122,5,1,0
BRDA:133,6,0,0
BRDA:133,6,1,0
BRDA:153,7,0,0
BRDA:153,7,1,0
BRDA:153,7,2,0
BRDA:153,7,3,0
BRDA:153,7,4,0
BRDA:153,7,5,0
BRDA:153,7,6,0
BRDA:153,7,7,0
BRDA:153,7,8,0
BRDA:153,7,9,0
BRDA:153,7,10,0
BRDA:153,7,11,0
BRDA:153,7,12,0
BRDA:153,7,13,0
BRDA:153,7,14,0
BRDA:153,7,15,0
BRDA:153,7,16,0
BRDA:153,7,17,0
BRDA:153,7,18,0
BRDA:153,7,19,0
BRDA:153,7,20,0
BRF:37
BRH:8
end_of_record
TN:
SF:src\lib\utils\date-formatter.ts
FN:29,formatAdventureDate
FN:44,formatSchemaDate
FN:59,getRelativeTime
FNF:3
FNH:0
FNDA:0,formatAdventureDate
FNDA:0,formatSchemaDate
FNDA:0,getRelativeTime
DA:11,0
DA:33,0
DA:34,0
DA:45,0
DA:46,0
DA:47,0
DA:48,0
DA:49,0
DA:60,0
DA:61,0
DA:62,0
DA:63,0
DA:65,0
DA:66,0
DA:67,0
DA:68,0
DA:69,0
DA:70,0
DA:71,0
DA:72,0
DA:73,0
LF:21
LH:0
BRDA:31,0,0,0
BRDA:33,1,0,0
BRDA:33,1,1,0
BRDA:45,2,0,0
BRDA:45,2,1,0
BRDA:60,3,0,0
BRDA:60,3,1,0
BRDA:65,4,0,0
BRDA:65,4,1,0
BRDA:66,5,0,0
BRDA:66,5,1,0
BRDA:67,6,0,0
BRDA:67,6,1,0
BRDA:69,7,0,0
BRDA:69,7,1,0
BRDA:69,8,0,0
BRDA:69,8,1,0
BRDA:71,9,0,0
BRDA:71,9,1,0
BRDA:71,10,0,0
BRDA:71,10,1,0
BRDA:73,11,0,0
BRDA:73,11,1,0
BRF:23
BRH:0
end_of_record
TN:
SF:src\lib\utils\season-formatter.ts
FN:28,formatSeasonArray
FN:34,(anonymous_1)
FN:53,(anonymous_2)
FN:57,(anonymous_3)
FNF:4
FNH:0
FNDA:0,formatSeasonArray
FNDA:0,(anonymous_1)
FNDA:0,(anonymous_2)
FNDA:0,(anonymous_3)
DA:8,0
DA:15,0
DA:29,0
DA:30,0
DA:33,0
DA:34,0
DA:38,0
DA:39,0
DA:40,0
DA:41,0
DA:44,0
DA:45,0
DA:48,0
DA:52,0
DA:53,0
DA:54,0
DA:57,0
LF:17
LH:0
BRDA:29,0,0,0
BRDA:29,0,1,0
BRDA:29,1,0,0
BRDA:29,1,1,0
BRDA:30,2,0,0
BRDA:30,2,1,0
BRDA:38,3,0,0
BRDA:38,3,1,0
BRDA:44,4,0,0
BRDA:44,4,1,0
BRDA:52,5,0,0
BRDA:52,5,1,0
BRF:12
BRH:0
end_of_record
TN:
SF:src\lib\validation\river.ts
FN:23,(anonymous_0)
FN:38,(anonymous_1)
FN:40,(anonymous_2)
FN:66,validateRiverTemplate
FN:71,(anonymous_4)
FN:99,safeValidateRiverTemplate
FN:139,validateRiverHeroSection
FN:159,validateRiverMetadata
FNF:8
FNH:3
FNDA:7,(anonymous_0)
FNDA:0,(anonymous_1)
FNDA:0,(anonymous_2)
FNDA:9,validateRiverTemplate
FNDA:13,(anonymous_4)
FNDA:0,safeValidateRiverTemplate
FNDA:0,validateRiverHeroSection
FNDA:0,validateRiverMetadata
DA:24,7
DA:25,7
DA:26,7
DA:29,7
DA:30,7
DA:39,0
DA:40,0
DA:42,0
DA:67,9
DA:68,9
DA:70,7
DA:71,13
DA:75,7
DA:78,0
DA:105,0
DA:106,0
DA:107,0
DA:109,0
DA:110,0
DA:113,0
DA:140,0
DA:149,0
DA:160,0
DA:167,0
LF:24
LH:10
BRDA:29,0,0,7
BRDA:29,0,1,0
BRDA:70,1,0,7
BRDA:70,1,1,0
BRDA:109,2,0,0
BRDA:109,2,1,0
BRF:6
BRH:2
end_of_record
